<?xml version="1.0" encoding="UTF-8"?>
<!-- Generated by org.testng.reporters.JUnitReportReporter -->
<testsuite hostname="CSCO-W-PF2S3T8C" failures="0" tests="5" name="com.runner.TestRunner" time="4.164" errors="0" timestamp="2021-12-18T20:38:15 IST" skipped="0">
  <testcase classname="com.runner.TestRunner" name="runScenario" time="2.455"/>
  <system-out/>
  <testcase classname="com.runner.TestRunner" name="runScenario" time="0.312"/>
  <system-out/>
  <testcase classname="com.runner.TestRunner" name="runScenario" time="0.361"/>
  <system-out/>
  <testcase classname="com.runner.TestRunner" name="runScenario" time="0.814"/>
  <system-out/>
  <testcase classname="com.runner.TestRunner" name="runScenario" time="0.222"/>
  <system-out/>
</testsuite> <!-- com.runner.TestRunner -->
