<?xml version="1.0" encoding="UTF-8"?>
<!-- Generated by org.testng.reporters.JUnitReportReporter -->
<testsuite hostname="CSCO-W-PF2S3T8C" failures="0" tests="5" name="com.runner.TestRunner" time="4.205" errors="0" timestamp="2021-12-18T21:23:52 IST" skipped="0">
  <testcase classname="com.runner.TestRunner" name="runScenario" time="3.053"/>
  <system-out/>
  <testcase classname="com.runner.TestRunner" name="runScenario" time="0.161"/>
  <system-out/>
  <testcase classname="com.runner.TestRunner" name="runScenario" time="0.300"/>
  <system-out/>
  <testcase classname="com.runner.TestRunner" name="runScenario" time="0.507"/>
  <system-out/>
  <testcase classname="com.runner.TestRunner" name="runScenario" time="0.184"/>
  <system-out/>
</testsuite> <!-- com.runner.TestRunner -->
