<?xml version="1.0" encoding="UTF-8"?>
<!-- Generated by org.testng.reporters.JUnitReportReporter -->
<testsuite hostname="CSCO-W-PF2S3T8C" failures="0" tests="5" name="com.runner.TestRunner" time="3.409" errors="0" timestamp="2021-12-18T20:41:36 IST" skipped="0">
  <testcase classname="com.runner.TestRunner" name="runScenario" time="0.139"/>
  <system-out/>
  <testcase classname="com.runner.TestRunner" name="runScenario" time="0.214"/>
  <system-out/>
  <testcase classname="com.runner.TestRunner" name="runScenario" time="2.427"/>
  <system-out/>
  <testcase classname="com.runner.TestRunner" name="runScenario" time="0.177"/>
  <system-out/>
  <testcase classname="com.runner.TestRunner" name="runScenario" time="0.452"/>
  <system-out/>
</testsuite> <!-- com.runner.TestRunner -->
